<?xml version="1.0" encoding="UTF-8"?>
<!-- Generated by org.testng.reporters.JUnitXMLReporter -->
<testsuite hostname="Aravind-HP" ignored="0" name="Test" tests="4" failures="0" timestamp="29 Jun 2017 00:41:35 GMT" time="74.531" errors="0">
  <testcase name="testVerifyValidScenario" time="14.546" classname="tests.verifyValidScenario"/>
  <testcase name="testVerifyInvalidScenario1" time="6.78" classname="tests.verifyInvalidScenario"/>
  <testcase name="testVerifyInvalidScenario2" time="8.707" classname="tests.verifyInvalidScenario"/>
  <testcase name="testVerifyInvalidScenario3" time="7.104" classname="tests.verifyInvalidScenario"/>
</testsuite> <!-- Test -->
