<?xml version="1.0" encoding="UTF-8"?>
<testng-results skipped="0" failed="0" ignored="0" total="4" passed="4">
  <reporter-output>
    <line>
      <![CDATA[Title displayed correctly as: Sydney Testers QuickQuote on Page1]]>
    </line>
    <line>
      <![CDATA[Text displayed correctly at page1]]>
    </line>
    <line>
      <![CDATA[Text displayed correctly at page1]]>
    </line>
    <line>
      <![CDATA[Title displayed correctly as: Sydney Testers QuickQuote on Page1]]>
    </line>
    <line>
      <![CDATA[Title displayed correctly as: Sydney Testers QuickQuote on Page2]]>
    </line>
    <line>
      <![CDATA[Text not displayed correctly at page2]]>
    </line>
    <line>
      <![CDATA[Title displayed correctly as: Sydney Testers QuickQuote on page3]]>
    </line>
    <line>
      <![CDATA[Text not displayed correctly at page3]]>
    </line>
    <line>
      <![CDATA[Quote for Sydney Testers Life Insurance is: $58.58]]>
    </line>
    <line>
      <![CDATA[Error Message displayed correctly on Page2]]>
    </line>
    <line>
      <![CDATA[Error Message displayed correctly on Page2 for incorrect email]]>
    </line>
    <line>
      <![CDATA[Error Message displayed correctly on Page2 for incorrect email]]>
    </line>
  </reporter-output>
  <suite name="Suite" duration-ms="74531" started-at="2017-06-29T00:40:20Z" finished-at="2017-06-29T00:41:35Z">
    <groups>
    </groups>
    <test name="Test" duration-ms="74531" started-at="2017-06-29T00:40:20Z" finished-at="2017-06-29T00:41:35Z">
      <class name="tests.verifyValidScenario">
        <test-method status="PASS" signature="openBrowser()[pri:0, instance:tests.verifyValidScenario@3a82f6ef]" name="openBrowser" is-config="true" duration-ms="11641" started-at="2017-06-29T10:40:20Z" finished-at="2017-06-29T10:40:32Z">
          <reporter-output>
          </reporter-output>
        </test-method> <!-- openBrowser -->
        <test-method status="PASS" signature="testVerifyValidScenario()[pri:0, instance:tests.verifyValidScenario@3a82f6ef]" name="testVerifyValidScenario" duration-ms="14546" started-at="2017-06-29T10:40:32Z" finished-at="2017-06-29T10:40:46Z">
          <reporter-output>
            <line>
              <![CDATA[Title displayed correctly as: Sydney Testers QuickQuote on Page1]]>
            </line>
            <line>
              <![CDATA[Text displayed correctly at page1]]>
            </line>
            <line>
              <![CDATA[Text displayed correctly at page1]]>
            </line>
            <line>
              <![CDATA[Title displayed correctly as: Sydney Testers QuickQuote on Page1]]>
            </line>
            <line>
              <![CDATA[Title displayed correctly as: Sydney Testers QuickQuote on Page2]]>
            </line>
            <line>
              <![CDATA[Text not displayed correctly at page2]]>
            </line>
            <line>
              <![CDATA[Title displayed correctly as: Sydney Testers QuickQuote on page3]]>
            </line>
            <line>
              <![CDATA[Text not displayed correctly at page3]]>
            </line>
            <line>
              <![CDATA[Quote for Sydney Testers Life Insurance is: $58.58]]>
            </line>
          </reporter-output>
        </test-method> <!-- testVerifyValidScenario -->
        <test-method status="PASS" signature="closeBrowser()[pri:0, instance:tests.verifyValidScenario@3a82f6ef]" name="closeBrowser" is-config="true" duration-ms="1392" started-at="2017-06-29T10:40:46Z" finished-at="2017-06-29T10:40:48Z">
          <reporter-output>
          </reporter-output>
        </test-method> <!-- closeBrowser -->
      </class> <!-- tests.verifyValidScenario -->
      <class name="tests.verifyInvalidScenario">
        <test-method status="PASS" signature="openBrowser()[pri:0, instance:tests.verifyInvalidScenario@100fc185]" name="openBrowser" is-config="true" duration-ms="7402" started-at="2017-06-29T10:40:48Z" finished-at="2017-06-29T10:40:55Z">
          <reporter-output>
          </reporter-output>
        </test-method> <!-- openBrowser -->
        <test-method status="PASS" signature="testVerifyInvalidScenario1()[pri:0, instance:tests.verifyInvalidScenario@100fc185]" name="testVerifyInvalidScenario1" duration-ms="6780" started-at="2017-06-29T10:40:55Z" finished-at="2017-06-29T10:41:02Z">
          <reporter-output>
            <line>
              <![CDATA[Error Message displayed correctly on Page2]]>
            </line>
          </reporter-output>
        </test-method> <!-- testVerifyInvalidScenario1 -->
        <test-method status="PASS" signature="closeBrowser()[pri:0, instance:tests.verifyInvalidScenario@100fc185]" name="closeBrowser" is-config="true" duration-ms="523" started-at="2017-06-29T10:41:02Z" finished-at="2017-06-29T10:41:02Z">
          <reporter-output>
          </reporter-output>
        </test-method> <!-- closeBrowser -->
        <test-method status="PASS" signature="openBrowser()[pri:0, instance:tests.verifyInvalidScenario@100fc185]" name="openBrowser" is-config="true" duration-ms="7459" started-at="2017-06-29T10:41:02Z" finished-at="2017-06-29T10:41:10Z">
          <reporter-output>
          </reporter-output>
        </test-method> <!-- openBrowser -->
        <test-method status="PASS" signature="testVerifyInvalidScenario2()[pri:0, instance:tests.verifyInvalidScenario@100fc185]" name="testVerifyInvalidScenario2" duration-ms="8707" started-at="2017-06-29T10:41:10Z" finished-at="2017-06-29T10:41:18Z">
          <reporter-output>
            <line>
              <![CDATA[Error Message displayed correctly on Page2 for incorrect email]]>
            </line>
          </reporter-output>
        </test-method> <!-- testVerifyInvalidScenario2 -->
        <test-method status="PASS" signature="closeBrowser()[pri:0, instance:tests.verifyInvalidScenario@100fc185]" name="closeBrowser" is-config="true" duration-ms="529" started-at="2017-06-29T10:41:18Z" finished-at="2017-06-29T10:41:19Z">
          <reporter-output>
          </reporter-output>
        </test-method> <!-- closeBrowser -->
        <test-method status="PASS" signature="openBrowser()[pri:0, instance:tests.verifyInvalidScenario@100fc185]" name="openBrowser" is-config="true" duration-ms="7716" started-at="2017-06-29T10:41:19Z" finished-at="2017-06-29T10:41:27Z">
          <reporter-output>
          </reporter-output>
        </test-method> <!-- openBrowser -->
        <test-method status="PASS" signature="testVerifyInvalidScenario3()[pri:0, instance:tests.verifyInvalidScenario@100fc185]" name="testVerifyInvalidScenario3" duration-ms="7104" started-at="2017-06-29T10:41:27Z" finished-at="2017-06-29T10:41:34Z">
          <reporter-output>
            <line>
              <![CDATA[Error Message displayed correctly on Page2 for incorrect email]]>
            </line>
          </reporter-output>
        </test-method> <!-- testVerifyInvalidScenario3 -->
        <test-method status="PASS" signature="closeBrowser()[pri:0, instance:tests.verifyInvalidScenario@100fc185]" name="closeBrowser" is-config="true" duration-ms="693" started-at="2017-06-29T10:41:34Z" finished-at="2017-06-29T10:41:35Z">
          <reporter-output>
          </reporter-output>
        </test-method> <!-- closeBrowser -->
      </class> <!-- tests.verifyInvalidScenario -->
    </test> <!-- Test -->
  </suite> <!-- Suite -->
</testng-results>
